[debug] [2023-05-23T14:00:11.794Z] ----------------------------------------------------------------------
[debug] [2023-05-23T14:00:11.798Z] Command:       /usr/local/bin/firebase /Users/michael/.cache/firebase/tools/lib/node_modules/firebase-tools/lib/bin/firebase init
[debug] [2023-05-23T14:00:11.799Z] CLI Version:   11.8.0
[debug] [2023-05-23T14:00:11.800Z] Platform:      darwin
[debug] [2023-05-23T14:00:11.800Z] Node Version:  v16.16.0
[debug] [2023-05-23T14:00:11.818Z] Time:          Tue May 23 2023 15:00:11 GMT+0100 (West Africa Standard Time)
[debug] [2023-05-23T14:00:11.819Z] ----------------------------------------------------------------------
[debug] 
[debug] [2023-05-23T14:00:12.039Z] > command requires scopes: ["email","openid","https://www.googleapis.com/auth/cloudplatformprojects.readonly","https://www.googleapis.com/auth/firebase","https://www.googleapis.com/auth/cloud-platform"]
[debug] [2023-05-23T14:00:12.046Z] > authorizing via signed-in user (princeobj5@gmail.com)
[info] 
     ######## #### ########  ######## ########     ###     ######  ########
     ##        ##  ##     ## ##       ##     ##  ##   ##  ##       ##
     ######    ##  ########  ######   ########  #########  ######  ######
     ##        ##  ##    ##  ##       ##     ## ##     ##       ## ##
     ##       #### ##     ## ######## ########  ##     ##  ######  ########

You're about to initialize a Firebase project in this directory:

  /Users/michael/ReactProjects/bible-college

Before we get started, keep in mind:

  * You are initializing within an existing Firebase project directory

